<?xml version='1.0'?>
<ns2:test-suite xmlns:ns2='urn:model.allure.qatools.yandex.ru' start='1617232675839' stop='1617232683948'>
    <name>Register a new  user: New user registered successfully</name>
    <title>Register a new  user: New user registered successfully</title>
    <test-cases>
        <test-case start='1617232675843' status='passed' stop='1617232675852'>
            <name></name>
            <title></title>
            <labels>
                <label name='language' value='javascript'/>
                <label name='framework' value='wdio'/>
                <label name='thread' value='0-0'/>
            </labels>
            <parameters>
                <parameter kind='argument' name='browser' value='chrome-89.0.4389.90'/>
            </parameters>
            <steps/>
            <attachments/>
        </test-case>
        <test-case start='1617232675853' status='passed' stop='1617232683827'>
            <name>Given user is on home page</name>
            <title>Given user is on home page</title>
            <labels>
                <label name='language' value='javascript'/>
                <label name='framework' value='wdio'/>
                <label name='thread' value='0-0'/>
            </labels>
            <parameters>
                <parameter kind='argument' name='browser' value='chrome-89.0.4389.90'/>
            </parameters>
            <steps/>
            <attachments/>
        </test-case>
        <test-case start='1617232683827' status='broken' stop='1617232683942'>
            <name>When user clicks on sign in</name>
            <title>When user clicks on sign in</title>
            <labels>
                <label name='language' value='javascript'/>
                <label name='framework' value='wdio'/>
                <label name='thread' value='0-0'/>
            </labels>
            <parameters>
                <parameter kind='argument' name='browser' value='chrome-89.0.4389.90'/>
            </parameters>
            <steps/>
            <attachments/>
            <failure>
                <message>TypeError: button.click is not a function</message>
                <stack-trace>TypeError: button.click is not a function
                    at click (C:\Users\k.pj\tau_cucumber\support\actions/clickButton.js:3:12)
                    at World.&lt;anonymous> (C:\Users\k.pj\tau_cucumber\steps\HomePage/when.js:9:5)
                    at World.executeSync (C:\Users\k.pj\tau_cucumber\node_modules\@wdio\sync\src\index.ts:39:22)
                    at C:\Users\k.pj\tau_cucumber\node_modules\@wdio\sync\src\index.ts:74:33</stack-trace>
            </failure>
        </test-case>
        <test-case start='1617232683942' status='undefined'>
            <name>When user enters valid email</name>
            <title>When user enters valid email</title>
            <labels>
                <label name='language' value='javascript'/>
                <label name='framework' value='wdio'/>
                <label name='thread' value='0-0'/>
            </labels>
            <parameters>
                <parameter kind='argument' name='browser' value='chrome-89.0.4389.90'/>
            </parameters>
            <steps/>
            <attachments/>
        </test-case>
        <test-case start='1617232683943' status='pending' stop='1617232683943'>
            <name>user enters valid email</name>
            <title>user enters valid email</title>
            <labels/>
            <parameters/>
            <steps/>
            <attachments/>
            <failure>
                <message>Test ignored</message>
                <stack-trace>undefined</stack-trace>
            </failure>
        </test-case>
        <test-case start='1617232683943' status='undefined'>
            <name>When user clicks on create account</name>
            <title>When user clicks on create account</title>
            <labels>
                <label name='language' value='javascript'/>
                <label name='framework' value='wdio'/>
                <label name='thread' value='0-0'/>
            </labels>
            <parameters>
                <parameter kind='argument' name='browser' value='chrome-89.0.4389.90'/>
            </parameters>
            <steps/>
            <attachments/>
        </test-case>
        <test-case start='1617232683944' status='pending' stop='1617232683944'>
            <name>user clicks on create account</name>
            <title>user clicks on create account</title>
            <labels/>
            <parameters/>
            <steps/>
            <attachments/>
            <failure>
                <message>Test ignored</message>
                <stack-trace>undefined</stack-trace>
            </failure>
        </test-case>
        <test-case start='1617232683944' status='undefined'>
            <name>When user enters all the fields</name>
            <title>When user enters all the fields</title>
            <labels>
                <label name='language' value='javascript'/>
                <label name='framework' value='wdio'/>
                <label name='thread' value='0-0'/>
            </labels>
            <parameters>
                <parameter kind='argument' name='browser' value='chrome-89.0.4389.90'/>
            </parameters>
            <steps/>
            <attachments/>
        </test-case>
        <test-case start='1617232683944' status='pending' stop='1617232683944'>
            <name>user enters all the fields</name>
            <title>user enters all the fields</title>
            <labels/>
            <parameters/>
            <steps/>
            <attachments/>
            <failure>
                <message>Test ignored</message>
                <stack-trace>undefined</stack-trace>
            </failure>
        </test-case>
        <test-case start='1617232683944' status='passed' stop='1617232683946'>
            <name></name>
            <title></title>
            <labels>
                <label name='language' value='javascript'/>
                <label name='framework' value='wdio'/>
                <label name='thread' value='0-0'/>
            </labels>
            <parameters>
                <parameter kind='argument' name='browser' value='chrome-89.0.4389.90'/>
            </parameters>
            <steps/>
            <attachments/>
        </test-case>
    </test-cases>
</ns2:test-suite>