<?xml version='1.0'?>
<ns2:test-suite xmlns:ns2='urn:model.allure.qatools.yandex.ru' start='1617232993990' stop='1617233002461'>
    <name>Register a new  user: New user registered successfully</name>
    <title>Register a new  user: New user registered successfully</title>
    <test-cases>
        <test-case start='1617232993992' status='passed' stop='1617232993996'>
            <name></name>
            <title></title>
            <labels>
                <label name='language' value='javascript'/>
                <label name='framework' value='wdio'/>
                <label name='thread' value='0-0'/>
            </labels>
            <parameters>
                <parameter kind='argument' name='browser' value='chrome-89.0.4389.90'/>
            </parameters>
            <steps/>
            <attachments/>
        </test-case>
        <test-case start='1617232993996' status='passed' stop='1617233002399'>
            <name>Given user is on home page</name>
            <title>Given user is on home page</title>
            <labels>
                <label name='language' value='javascript'/>
                <label name='framework' value='wdio'/>
                <label name='thread' value='0-0'/>
            </labels>
            <parameters>
                <parameter kind='argument' name='browser' value='chrome-89.0.4389.90'/>
            </parameters>
            <steps/>
            <attachments/>
        </test-case>
        <test-case start='1617233002399' status='broken' stop='1617233002456'>
            <name>When user clicks on sign in</name>
            <title>When user clicks on sign in</title>
            <labels>
                <label name='language' value='javascript'/>
                <label name='framework' value='wdio'/>
                <label name='thread' value='0-0'/>
            </labels>
            <parameters>
                <parameter kind='argument' name='browser' value='chrome-89.0.4389.90'/>
            </parameters>
            <steps/>
            <attachments/>
            <failure>
                <message>TypeError: (0 , _$.default)(...).click is not a function</message>
                <stack-trace>TypeError: (0 , _$.default)(...).click is not a function
                    at World.click (C:\Users\k.pj\tau_cucumber\steps\HomePage/when.js:8:17)
                    at World.executeSync (C:\Users\k.pj\tau_cucumber\node_modules\@wdio\sync\src\index.ts:39:22)
                    at C:\Users\k.pj\tau_cucumber\node_modules\@wdio\sync\src\index.ts:74:33</stack-trace>
            </failure>
        </test-case>
        <test-case start='1617233002456' status='undefined'>
            <name>When user enters valid email</name>
            <title>When user enters valid email</title>
            <labels>
                <label name='language' value='javascript'/>
                <label name='framework' value='wdio'/>
                <label name='thread' value='0-0'/>
            </labels>
            <parameters>
                <parameter kind='argument' name='browser' value='chrome-89.0.4389.90'/>
            </parameters>
            <steps/>
            <attachments/>
        </test-case>
        <test-case start='1617233002457' status='pending' stop='1617233002457'>
            <name>user enters valid email</name>
            <title>user enters valid email</title>
            <labels/>
            <parameters/>
            <steps/>
            <attachments/>
            <failure>
                <message>Test ignored</message>
                <stack-trace>undefined</stack-trace>
            </failure>
        </test-case>
        <test-case start='1617233002457' status='undefined'>
            <name>When user clicks on create account</name>
            <title>When user clicks on create account</title>
            <labels>
                <label name='language' value='javascript'/>
                <label name='framework' value='wdio'/>
                <label name='thread' value='0-0'/>
            </labels>
            <parameters>
                <parameter kind='argument' name='browser' value='chrome-89.0.4389.90'/>
            </parameters>
            <steps/>
            <attachments/>
        </test-case>
        <test-case start='1617233002458' status='pending' stop='1617233002458'>
            <name>user clicks on create account</name>
            <title>user clicks on create account</title>
            <labels/>
            <parameters/>
            <steps/>
            <attachments/>
            <failure>
                <message>Test ignored</message>
                <stack-trace>undefined</stack-trace>
            </failure>
        </test-case>
        <test-case start='1617233002458' status='undefined'>
            <name>When user enters all the fields</name>
            <title>When user enters all the fields</title>
            <labels>
                <label name='language' value='javascript'/>
                <label name='framework' value='wdio'/>
                <label name='thread' value='0-0'/>
            </labels>
            <parameters>
                <parameter kind='argument' name='browser' value='chrome-89.0.4389.90'/>
            </parameters>
            <steps/>
            <attachments/>
        </test-case>
        <test-case start='1617233002458' status='pending' stop='1617233002458'>
            <name>user enters all the fields</name>
            <title>user enters all the fields</title>
            <labels/>
            <parameters/>
            <steps/>
            <attachments/>
            <failure>
                <message>Test ignored</message>
                <stack-trace>undefined</stack-trace>
            </failure>
        </test-case>
        <test-case start='1617233002458' status='passed' stop='1617233002459'>
            <name></name>
            <title></title>
            <labels>
                <label name='language' value='javascript'/>
                <label name='framework' value='wdio'/>
                <label name='thread' value='0-0'/>
            </labels>
            <parameters>
                <parameter kind='argument' name='browser' value='chrome-89.0.4389.90'/>
            </parameters>
            <steps/>
            <attachments/>
        </test-case>
    </test-cases>
</ns2:test-suite>